Timestamp: 2025-01-30T12:21:52.103937900
Queue 1 (dificultate 1) size: 2
Queue 2 (dificultate 2) size: 1
Queue 3 (dificultate 3) size: 2
Total apeluri rezolvate: 0
Agent 1: 1 apeluri rezolvate.
Agent 2: 1 apeluri rezolvate.
Agent 3: 1 apeluri rezolvate.
Agent 4: 1 apeluri rezolvate.
Agent 5: 1 apeluri rezolvate.

Timestamp: 2025-01-30T12:21:52.615343500
Queue 1 (dificultate 1) size: 0
Queue 2 (dificultate 2) size: 0
Queue 3 (dificultate 3) size: 0
Total apeluri rezolvate: 55
Agent 1: 11 apeluri rezolvate.
Agent 2: 11 apeluri rezolvate.
Agent 3: 11 apeluri rezolvate.
Agent 4: 11 apeluri rezolvate.
Agent 5: 11 apeluri rezolvate.

Timestamp: 2025-01-30T12:21:53.130809900
Queue 1 (dificultate 1) size: 0
Queue 2 (dificultate 2) size: 0
Queue 3 (dificultate 3) size: 0
Total apeluri rezolvate: 103
Agent 1: 20 apeluri rezolvate.
Agent 2: 21 apeluri rezolvate.
Agent 3: 20 apeluri rezolvate.
Agent 4: 21 apeluri rezolvate.
Agent 5: 21 apeluri rezolvate.

Timestamp: 2025-01-30T12:21:53.642916500
Queue 1 (dificultate 1) size: 0
Queue 2 (dificultate 2) size: 0
Queue 3 (dificultate 3) size: 0
Total apeluri rezolvate: 151
Agent 1: 30 apeluri rezolvate.
Agent 2: 31 apeluri rezolvate.
Agent 3: 30 apeluri rezolvate.
Agent 4: 31 apeluri rezolvate.
Agent 5: 30 apeluri rezolvate.

Timestamp: 2025-01-30T12:21:54.146115100
Queue 1 (dificultate 1) size: 0
Queue 2 (dificultate 2) size: 0
Queue 3 (dificultate 3) size: 0
Total apeluri rezolvate: 196
Agent 1: 39 apeluri rezolvate.
Agent 2: 40 apeluri rezolvate.
Agent 3: 39 apeluri rezolvate.
Agent 4: 39 apeluri rezolvate.
Agent 5: 39 apeluri rezolvate.

Timestamp: 2025-01-30T12:21:54.659230100
Queue 1 (dificultate 1) size: 0
Queue 2 (dificultate 2) size: 0
Queue 3 (dificultate 3) size: 0
Total apeluri rezolvate: 242
Agent 1: 48 apeluri rezolvate.
Agent 2: 50 apeluri rezolvate.
Agent 3: 47 apeluri rezolvate.
Agent 4: 49 apeluri rezolvate.
Agent 5: 48 apeluri rezolvate.

Timestamp: 2025-01-30T12:21:55.166588200
Queue 1 (dificultate 1) size: 0
Queue 2 (dificultate 2) size: 0
Queue 3 (dificultate 3) size: 0
Total apeluri rezolvate: 287
Agent 1: 56 apeluri rezolvate.
Agent 2: 58 apeluri rezolvate.
Agent 3: 57 apeluri rezolvate.
Agent 4: 58 apeluri rezolvate.
Agent 5: 58 apeluri rezolvate.

Timestamp: 2025-01-30T12:21:55.670152800
Queue 1 (dificultate 1) size: 0
Queue 2 (dificultate 2) size: 0
Queue 3 (dificultate 3) size: 0
Total apeluri rezolvate: 334
Agent 1: 65 apeluri rezolvate.
Agent 2: 68 apeluri rezolvate.
Agent 3: 66 apeluri rezolvate.
Agent 4: 68 apeluri rezolvate.
Agent 5: 67 apeluri rezolvate.

Timestamp: 2025-01-30T12:21:56.174840900
Queue 1 (dificultate 1) size: 0
Queue 2 (dificultate 2) size: 0
Queue 3 (dificultate 3) size: 0
Total apeluri rezolvate: 378
Agent 1: 74 apeluri rezolvate.
Agent 2: 77 apeluri rezolvate.
Agent 3: 75 apeluri rezolvate.
Agent 4: 76 apeluri rezolvate.
Agent 5: 76 apeluri rezolvate.

Timestamp: 2025-01-30T12:21:56.688017900
Queue 1 (dificultate 1) size: 0
Queue 2 (dificultate 2) size: 0
Queue 3 (dificultate 3) size: 0
Total apeluri rezolvate: 422
Agent 1: 83 apeluri rezolvate.
Agent 2: 86 apeluri rezolvate.
Agent 3: 84 apeluri rezolvate.
Agent 4: 85 apeluri rezolvate.
Agent 5: 85 apeluri rezolvate.

Timestamp: 2025-01-30T12:21:57.189765700
Queue 1 (dificultate 1) size: 0
Queue 2 (dificultate 2) size: 0
Queue 3 (dificultate 3) size: 0
Total apeluri rezolvate: 468
Agent 1: 91 apeluri rezolvate.
Agent 2: 95 apeluri rezolvate.
Agent 3: 93 apeluri rezolvate.
Agent 4: 95 apeluri rezolvate.
Agent 5: 94 apeluri rezolvate.

Timestamp: 2025-01-30T12:21:57.691411700
Queue 1 (dificultate 1) size: 0
Queue 2 (dificultate 2) size: 0
Queue 3 (dificultate 3) size: 0
Total apeluri rezolvate: 499
Agent 1: 99 apeluri rezolvate.
Agent 2: 100 apeluri rezolvate.
Agent 3: 100 apeluri rezolvate.
Agent 4: 100 apeluri rezolvate.
Agent 5: 100 apeluri rezolvate.

Procesarea apelurilor s-a încheiat la 2025-01-30T12:21:57.772391800
